{
  "RSpec": {
    "coverage": {
      "/Users/elizabethmanifold/dev/Makers/Week-10/tech-tests/bank-tech-test/spec/feature/account_withdrawal_and_deposit_spec.rb": [
        1,
        null,
        1,
        7,
        7,
        2,
        null,
        1,
        1,
        null,
        null,
        1,
        1,
        1,
        1,
        null,
        null,
        1,
        2,
        null,
        null,
        1,
        2,
        null,
        null,
        1,
        1,
        2,
        null,
        null,
        1,
        1,
        1,
        1,
        1,
        null,
        null,
        null,
        null,
        null
      ],
      "/Users/elizabethmanifold/dev/Makers/Week-10/tech-tests/bank-tech-test/spec/unit/account_spec.rb": [
        1,
        null,
        1,
        null,
        1,
        1,
        1,
        1,
        null,
        null,
        1,
        1,
        1,
        1,
        null,
        null,
        1,
        2,
        null,
        null,
        null,
        1,
        1,
        1,
        1,
        1,
        null,
        null,
        1,
        1,
        1,
        1,
        1,
        null,
        null,
        1,
        2,
        null,
        null,
        1,
        2,
        null,
        null,
        null
      ],
      "/Users/elizabethmanifold/dev/Makers/Week-10/tech-tests/bank-tech-test/lib/account.rb": [
        1,
        1,
        null,
        null,
        1,
        null,
        null,
        null,
        1,
        13,
        13,
        null,
        null,
        1,
        12,
        null,
        9,
        9,
        9,
        null,
        null,
        1,
        8,
        7,
        null,
        5,
        5,
        5,
        null,
        null,
        1,
        null,
        1,
        20,
        null,
        null
      ],
      "/Users/elizabethmanifold/dev/Makers/Week-10/tech-tests/bank-tech-test/spec/unit/statement_spec.rb": [
        1,
        1,
        null,
        1,
        3,
        null,
        1,
        1,
        1,
        1,
        3,
        null,
        null,
        1,
        1,
        null,
        null,
        null,
        null,
        null,
        1,
        2,
        1,
        2,
        null,
        null,
        null
      ],
      "/Users/elizabethmanifold/dev/Makers/Week-10/tech-tests/bank-tech-test/lib/statement.rb": [
        1,
        null,
        1,
        3,
        null,
        null,
        1,
        2,
        null,
        null,
        1,
        3,
        null,
        2,
        4,
        null,
        2,
        null,
        null
      ],
      "/Users/elizabethmanifold/dev/Makers/Week-10/tech-tests/bank-tech-test/spec/unit/transactions_spec.rb": [
        1,
        1,
        null,
        1,
        null,
        1,
        1,
        1,
        1,
        1,
        null,
        null,
        null,
        1,
        1,
        1,
        1,
        1,
        null,
        null,
        null,
        null,
        null
      ],
      "/Users/elizabethmanifold/dev/Makers/Week-10/tech-tests/bank-tech-test/lib/transactions.rb": [
        1,
        1,
        null,
        1,
        15,
        null,
        null,
        1,
        17,
        11,
        null,
        6,
        null,
        null,
        null
      ]
    },
    "timestamp": 1580224973
  }
}
